-------------------------------------------------------------------------------
Test set: twitter4j.TrendsResourcesTest
-------------------------------------------------------------------------------
Tests run: 2, Failures: 0, Errors: 2, Skipped: 0, Time elapsed: 0 sec <<< FAILURE!
testLocalTrendsMethods(twitter4j.TrendsResourcesTest)  Time elapsed: 0 sec  <<< ERROR!
java.lang.NullPointerException

testDummy(twitter4j.TrendsResourcesTest)  Time elapsed: 0 sec  <<< ERROR!
java.lang.NullPointerException

