-------------------------------------------------------------------------------
Test set: twitter4j.SuggestedUsersResourcesTest
-------------------------------------------------------------------------------
Tests run: 2, Failures: 0, Errors: 2, Skipped: 0, Time elapsed: 0 sec <<< FAILURE!
testSuggestion(twitter4j.SuggestedUsersResourcesTest)  Time elapsed: 0 sec  <<< ERROR!
java.lang.NullPointerException

testDummy(twitter4j.SuggestedUsersResourcesTest)  Time elapsed: 0 sec  <<< ERROR!
java.lang.NullPointerException

