-------------------------------------------------------------------------------
Test set: twitter4j.FavoritesResourcesTest
-------------------------------------------------------------------------------
Tests run: 2, Failures: 0, Errors: 2, Skipped: 0, Time elapsed: 0 sec <<< FAILURE!
testFavoriteMethods(twitter4j.FavoritesResourcesTest)  Time elapsed: 0 sec  <<< ERROR!
java.lang.NullPointerException

testDummy(twitter4j.FavoritesResourcesTest)  Time elapsed: 0 sec  <<< ERROR!
java.lang.NullPointerException

